<?xml version="1.0" encoding="UTF-8"?>
<testsuite xmlns:xsi="http://www.w3.org/2001/XMLSchema-instance" xsi:noNamespaceSchemaLocation="https://maven.apache.org/surefire/maven-surefire-plugin/xsd/surefire-test-report-3.0.xsd" version="3.0" name="TestSuite" time="92.827" tests="3" errors="0" skipped="0" failures="2">
  <properties>
    <property name="sun.desktop" value="windows"/>
    <property name="awt.toolkit" value="sun.awt.windows.WToolkit"/>
    <property name="file.encoding.pkg" value="sun.io"/>
    <property name="java.specification.version" value="1.8"/>
    <property name="sun.cpu.isalist" value="amd64"/>
    <property name="sun.jnu.encoding" value="Cp1252"/>
    <property name="java.class.path" value="E:\COURSES\7AM - 8AM Batch\DataDrivenFramework\target\test-classes;E:\COURSES\7AM - 8AM Batch\DataDrivenFramework\target\classes;C:\Users\REYAZ\.m2\repository\mysql\mysql-connector-java\8.0.19\mysql-connector-java-8.0.19.jar;C:\Users\REYAZ\.m2\repository\com\google\protobuf\protobuf-java\3.6.1\protobuf-java-3.6.1.jar;C:\Users\REYAZ\.m2\repository\org\seleniumhq\selenium\selenium-server\3.14.0\selenium-server-3.14.0.jar;C:\Users\REYAZ\.m2\repository\org\seleniumhq\selenium\selenium-java\3.14.0\selenium-java-3.14.0.jar;C:\Users\REYAZ\.m2\repository\org\seleniumhq\selenium\selenium-api\3.14.0\selenium-api-3.14.0.jar;C:\Users\REYAZ\.m2\repository\org\seleniumhq\selenium\selenium-chrome-driver\3.14.0\selenium-chrome-driver-3.14.0.jar;C:\Users\REYAZ\.m2\repository\org\seleniumhq\selenium\selenium-edge-driver\3.14.0\selenium-edge-driver-3.14.0.jar;C:\Users\REYAZ\.m2\repository\org\seleniumhq\selenium\selenium-firefox-driver\3.14.0\selenium-firefox-driver-3.14.0.jar;C:\Users\REYAZ\.m2\repository\org\seleniumhq\selenium\selenium-ie-driver\3.14.0\selenium-ie-driver-3.14.0.jar;C:\Users\REYAZ\.m2\repository\org\seleniumhq\selenium\selenium-opera-driver\3.14.0\selenium-opera-driver-3.14.0.jar;C:\Users\REYAZ\.m2\repository\org\seleniumhq\selenium\selenium-remote-driver\3.14.0\selenium-remote-driver-3.14.0.jar;C:\Users\REYAZ\.m2\repository\org\seleniumhq\selenium\selenium-safari-driver\3.14.0\selenium-safari-driver-3.14.0.jar;C:\Users\REYAZ\.m2\repository\org\seleniumhq\selenium\selenium-support\3.14.0\selenium-support-3.14.0.jar;C:\Users\REYAZ\.m2\repository\com\beust\jcommander\1.72\jcommander-1.72.jar;C:\Users\REYAZ\.m2\repository\net\bytebuddy\byte-buddy\1.8.15\byte-buddy-1.8.15.jar;C:\Users\REYAZ\.m2\repository\org\apache\commons\commons-exec\1.3\commons-exec-1.3.jar;C:\Users\REYAZ\.m2\repository\org\apache\commons\commons-lang3\3.7\commons-lang3-3.7.jar;C:\Users\REYAZ\.m2\repository\org\apache\commons\commons-text\1.1\commons-text-1.1.jar;C:\Users\REYAZ\.m2\repository\commons-codec\commons-codec\1.10\commons-codec-1.10.jar;C:\Users\REYAZ\.m2\repository\commons-io\commons-io\2.6\commons-io-2.6.jar;C:\Users\REYAZ\.m2\repository\commons-logging\commons-logging\1.2\commons-logging-1.2.jar;C:\Users\REYAZ\.m2\repository\commons-net\commons-net\3.6\commons-net-3.6.jar;C:\Users\REYAZ\.m2\repository\com\google\guava\guava\25.0-jre\guava-25.0-jre.jar;C:\Users\REYAZ\.m2\repository\com\google\code\findbugs\jsr305\1.3.9\jsr305-1.3.9.jar;C:\Users\REYAZ\.m2\repository\org\checkerframework\checker-compat-qual\2.0.0\checker-compat-qual-2.0.0.jar;C:\Users\REYAZ\.m2\repository\com\google\errorprone\error_prone_annotations\2.1.3\error_prone_annotations-2.1.3.jar;C:\Users\REYAZ\.m2\repository\com\google\j2objc\j2objc-annotations\1.1\j2objc-annotations-1.1.jar;C:\Users\REYAZ\.m2\repository\org\codehaus\mojo\animal-sniffer-annotations\1.14\animal-sniffer-annotations-1.14.jar;C:\Users\REYAZ\.m2\repository\net\sourceforge\htmlunit\htmlunit\2.30\htmlunit-2.30.jar;C:\Users\REYAZ\.m2\repository\net\sourceforge\htmlunit\htmlunit-core-js\2.28\htmlunit-core-js-2.28.jar;C:\Users\REYAZ\.m2\repository\net\sourceforge\htmlunit\htmlunit-cssparser\1.0.0\htmlunit-cssparser-1.0.0.jar;C:\Users\REYAZ\.m2\repository\net\sourceforge\htmlunit\neko-htmlunit\2.30\neko-htmlunit-2.30.jar;C:\Users\REYAZ\.m2\repository\org\apache\httpcomponents\httpclient\4.5.5\httpclient-4.5.5.jar;C:\Users\REYAZ\.m2\repository\org\apache\httpcomponents\httpcore\4.4.9\httpcore-4.4.9.jar;C:\Users\REYAZ\.m2\repository\org\apache\httpcomponents\httpmime\4.5.5\httpmime-4.5.5.jar;C:\Users\REYAZ\.m2\repository\net\jcip\jcip-annotations\1.0\jcip-annotations-1.0.jar;C:\Users\REYAZ\.m2\repository\org\seleniumhq\selenium\jetty-repacked\9.4.8.v20180619\jetty-repacked-9.4.8.v20180619.jar;C:\Users\REYAZ\.m2\repository\org\eclipse\jetty\jetty-client\9.4.8.v20180619\jetty-client-9.4.8.v20180619.jar;C:\Users\REYAZ\.m2\repository\org\eclipse\jetty\jetty-http\9.4.8.v20180619\jetty-http-9.4.8.v20180619.jar;C:\Users\REYAZ\.m2\repository\org\eclipse\jetty\jetty-io\9.4.8.v20180619\jetty-io-9.4.8.v20180619.jar;C:\Users\REYAZ\.m2\repository\org\eclipse\jetty\jetty-util\9.4.8.v20180619\jetty-util-9.4.8.v20180619.jar;C:\Users\REYAZ\.m2\repository\org\eclipse\jetty\jetty-xml\9.4.8.v20180619\jetty-xml-9.4.8.v20180619.jar;C:\Users\REYAZ\.m2\repository\com\squareup\okhttp3\okhttp\3.10.0\okhttp-3.10.0.jar;C:\Users\REYAZ\.m2\repository\com\squareup\okio\okio\1.14.1\okio-1.14.1.jar;C:\Users\REYAZ\.m2\repository\org\seleniumhq\selenium\htmlunit-driver\2.30.0\htmlunit-driver-2.30.0.jar;C:\Users\REYAZ\.m2\repository\javax\servlet\javax.servlet-api\3.1.0\javax.servlet-api-3.1.0.jar;C:\Users\REYAZ\.m2\repository\org\eclipse\jetty\websocket\websocket-api\9.4.8.v20180619\websocket-api-9.4.8.v20180619.jar;C:\Users\REYAZ\.m2\repository\org\eclipse\jetty\websocket\websocket-client\9.4.8.v20180619\websocket-client-9.4.8.v20180619.jar;C:\Users\REYAZ\.m2\repository\org\eclipse\jetty\websocket\websocket-common\9.4.8.v20180619\websocket-common-9.4.8.v20180619.jar;C:\Users\REYAZ\.m2\repository\xalan\serializer\2.7.2\serializer-2.7.2.jar;C:\Users\REYAZ\.m2\repository\xalan\xalan\2.7.2\xalan-2.7.2.jar;C:\Users\REYAZ\.m2\repository\xerces\xercesImpl\2.11.0\xercesImpl-2.11.0.jar;C:\Users\REYAZ\.m2\repository\xml-apis\xml-apis\1.4.01\xml-apis-1.4.01.jar;C:\Users\REYAZ\.m2\repository\org\yaml\snakeyaml\1.19\snakeyaml-1.19.jar;C:\Users\REYAZ\.m2\repository\org\testng\testng\6.14.2\testng-6.14.2.jar;C:\Users\REYAZ\.m2\repository\org\apache-extras\beanshell\bsh\2.0b6\bsh-2.0b6.jar;C:\Users\REYAZ\.m2\repository\org\apache\poi\poi\4.1.2\poi-4.1.2.jar;C:\Users\REYAZ\.m2\repository\org\apache\commons\commons-collections4\4.4\commons-collections4-4.4.jar;C:\Users\REYAZ\.m2\repository\org\apache\commons\commons-math3\3.6.1\commons-math3-3.6.1.jar;C:\Users\REYAZ\.m2\repository\com\zaxxer\SparseBitSet\1.2\SparseBitSet-1.2.jar;C:\Users\REYAZ\.m2\repository\org\apache\poi\poi-examples\4.1.2\poi-examples-4.1.2.jar;C:\Users\REYAZ\.m2\repository\org\apache\poi\poi-scratchpad\4.1.2\poi-scratchpad-4.1.2.jar;C:\Users\REYAZ\.m2\repository\org\apache\poi\poi-ooxml\4.1.2\poi-ooxml-4.1.2.jar;C:\Users\REYAZ\.m2\repository\org\apache\commons\commons-compress\1.19\commons-compress-1.19.jar;C:\Users\REYAZ\.m2\repository\com\github\virtuald\curvesapi\1.06\curvesapi-1.06.jar;C:\Users\REYAZ\.m2\repository\org\apache\poi\poi-excelant\4.1.2\poi-excelant-4.1.2.jar;C:\Users\REYAZ\.m2\repository\org\apache\ant\ant\1.8.2\ant-1.8.2.jar;C:\Users\REYAZ\.m2\repository\org\apache\ant\ant-launcher\1.8.2\ant-launcher-1.8.2.jar;C:\Users\REYAZ\.m2\repository\org\apache\poi\poi-ooxml-schemas\4.1.2\poi-ooxml-schemas-4.1.2.jar;C:\Users\REYAZ\.m2\repository\org\apache\xmlbeans\xmlbeans\3.1.0\xmlbeans-3.1.0.jar;"/>
    <property name="java.vm.vendor" value="Oracle Corporation"/>
    <property name="sun.arch.data.model" value="64"/>
    <property name="user.variant" value=""/>
    <property name="java.vendor.url" value="http://java.oracle.com/"/>
    <property name="user.timezone" value="Asia/Calcutta"/>
    <property name="java.vm.specification.version" value="1.8"/>
    <property name="os.name" value="Windows 8.1"/>
    <property name="user.country" value="US"/>
    <property name="sun.java.launcher" value="SUN_STANDARD"/>
    <property name="sun.boot.library.path" value="C:\Program Files\Java\jdk1.8.0_241\jre\bin"/>
    <property name="sun.java.command" value="C:\Users\REYAZ\AppData\Local\Temp\surefire4398787358347827358\surefirebooter7909953951422398691.jar C:\Users\REYAZ\AppData\Local\Temp\surefire4398787358347827358 2020-04-23T13-28-06_222-jvmRun1 surefire3333021146074010956tmp surefire_06038805877136904830tmp"/>
    <property name="surefire.test.class.path" value="E:\COURSES\7AM - 8AM Batch\DataDrivenFramework\target\test-classes;E:\COURSES\7AM - 8AM Batch\DataDrivenFramework\target\classes;C:\Users\REYAZ\.m2\repository\mysql\mysql-connector-java\8.0.19\mysql-connector-java-8.0.19.jar;C:\Users\REYAZ\.m2\repository\com\google\protobuf\protobuf-java\3.6.1\protobuf-java-3.6.1.jar;C:\Users\REYAZ\.m2\repository\org\seleniumhq\selenium\selenium-server\3.14.0\selenium-server-3.14.0.jar;C:\Users\REYAZ\.m2\repository\org\seleniumhq\selenium\selenium-java\3.14.0\selenium-java-3.14.0.jar;C:\Users\REYAZ\.m2\repository\org\seleniumhq\selenium\selenium-api\3.14.0\selenium-api-3.14.0.jar;C:\Users\REYAZ\.m2\repository\org\seleniumhq\selenium\selenium-chrome-driver\3.14.0\selenium-chrome-driver-3.14.0.jar;C:\Users\REYAZ\.m2\repository\org\seleniumhq\selenium\selenium-edge-driver\3.14.0\selenium-edge-driver-3.14.0.jar;C:\Users\REYAZ\.m2\repository\org\seleniumhq\selenium\selenium-firefox-driver\3.14.0\selenium-firefox-driver-3.14.0.jar;C:\Users\REYAZ\.m2\repository\org\seleniumhq\selenium\selenium-ie-driver\3.14.0\selenium-ie-driver-3.14.0.jar;C:\Users\REYAZ\.m2\repository\org\seleniumhq\selenium\selenium-opera-driver\3.14.0\selenium-opera-driver-3.14.0.jar;C:\Users\REYAZ\.m2\repository\org\seleniumhq\selenium\selenium-remote-driver\3.14.0\selenium-remote-driver-3.14.0.jar;C:\Users\REYAZ\.m2\repository\org\seleniumhq\selenium\selenium-safari-driver\3.14.0\selenium-safari-driver-3.14.0.jar;C:\Users\REYAZ\.m2\repository\org\seleniumhq\selenium\selenium-support\3.14.0\selenium-support-3.14.0.jar;C:\Users\REYAZ\.m2\repository\com\beust\jcommander\1.72\jcommander-1.72.jar;C:\Users\REYAZ\.m2\repository\net\bytebuddy\byte-buddy\1.8.15\byte-buddy-1.8.15.jar;C:\Users\REYAZ\.m2\repository\org\apache\commons\commons-exec\1.3\commons-exec-1.3.jar;C:\Users\REYAZ\.m2\repository\org\apache\commons\commons-lang3\3.7\commons-lang3-3.7.jar;C:\Users\REYAZ\.m2\repository\org\apache\commons\commons-text\1.1\commons-text-1.1.jar;C:\Users\REYAZ\.m2\repository\commons-codec\commons-codec\1.10\commons-codec-1.10.jar;C:\Users\REYAZ\.m2\repository\commons-io\commons-io\2.6\commons-io-2.6.jar;C:\Users\REYAZ\.m2\repository\commons-logging\commons-logging\1.2\commons-logging-1.2.jar;C:\Users\REYAZ\.m2\repository\commons-net\commons-net\3.6\commons-net-3.6.jar;C:\Users\REYAZ\.m2\repository\com\google\guava\guava\25.0-jre\guava-25.0-jre.jar;C:\Users\REYAZ\.m2\repository\com\google\code\findbugs\jsr305\1.3.9\jsr305-1.3.9.jar;C:\Users\REYAZ\.m2\repository\org\checkerframework\checker-compat-qual\2.0.0\checker-compat-qual-2.0.0.jar;C:\Users\REYAZ\.m2\repository\com\google\errorprone\error_prone_annotations\2.1.3\error_prone_annotations-2.1.3.jar;C:\Users\REYAZ\.m2\repository\com\google\j2objc\j2objc-annotations\1.1\j2objc-annotations-1.1.jar;C:\Users\REYAZ\.m2\repository\org\codehaus\mojo\animal-sniffer-annotations\1.14\animal-sniffer-annotations-1.14.jar;C:\Users\REYAZ\.m2\repository\net\sourceforge\htmlunit\htmlunit\2.30\htmlunit-2.30.jar;C:\Users\REYAZ\.m2\repository\net\sourceforge\htmlunit\htmlunit-core-js\2.28\htmlunit-core-js-2.28.jar;C:\Users\REYAZ\.m2\repository\net\sourceforge\htmlunit\htmlunit-cssparser\1.0.0\htmlunit-cssparser-1.0.0.jar;C:\Users\REYAZ\.m2\repository\net\sourceforge\htmlunit\neko-htmlunit\2.30\neko-htmlunit-2.30.jar;C:\Users\REYAZ\.m2\repository\org\apache\httpcomponents\httpclient\4.5.5\httpclient-4.5.5.jar;C:\Users\REYAZ\.m2\repository\org\apache\httpcomponents\httpcore\4.4.9\httpcore-4.4.9.jar;C:\Users\REYAZ\.m2\repository\org\apache\httpcomponents\httpmime\4.5.5\httpmime-4.5.5.jar;C:\Users\REYAZ\.m2\repository\net\jcip\jcip-annotations\1.0\jcip-annotations-1.0.jar;C:\Users\REYAZ\.m2\repository\org\seleniumhq\selenium\jetty-repacked\9.4.8.v20180619\jetty-repacked-9.4.8.v20180619.jar;C:\Users\REYAZ\.m2\repository\org\eclipse\jetty\jetty-client\9.4.8.v20180619\jetty-client-9.4.8.v20180619.jar;C:\Users\REYAZ\.m2\repository\org\eclipse\jetty\jetty-http\9.4.8.v20180619\jetty-http-9.4.8.v20180619.jar;C:\Users\REYAZ\.m2\repository\org\eclipse\jetty\jetty-io\9.4.8.v20180619\jetty-io-9.4.8.v20180619.jar;C:\Users\REYAZ\.m2\repository\org\eclipse\jetty\jetty-util\9.4.8.v20180619\jetty-util-9.4.8.v20180619.jar;C:\Users\REYAZ\.m2\repository\org\eclipse\jetty\jetty-xml\9.4.8.v20180619\jetty-xml-9.4.8.v20180619.jar;C:\Users\REYAZ\.m2\repository\com\squareup\okhttp3\okhttp\3.10.0\okhttp-3.10.0.jar;C:\Users\REYAZ\.m2\repository\com\squareup\okio\okio\1.14.1\okio-1.14.1.jar;C:\Users\REYAZ\.m2\repository\org\seleniumhq\selenium\htmlunit-driver\2.30.0\htmlunit-driver-2.30.0.jar;C:\Users\REYAZ\.m2\repository\javax\servlet\javax.servlet-api\3.1.0\javax.servlet-api-3.1.0.jar;C:\Users\REYAZ\.m2\repository\org\eclipse\jetty\websocket\websocket-api\9.4.8.v20180619\websocket-api-9.4.8.v20180619.jar;C:\Users\REYAZ\.m2\repository\org\eclipse\jetty\websocket\websocket-client\9.4.8.v20180619\websocket-client-9.4.8.v20180619.jar;C:\Users\REYAZ\.m2\repository\org\eclipse\jetty\websocket\websocket-common\9.4.8.v20180619\websocket-common-9.4.8.v20180619.jar;C:\Users\REYAZ\.m2\repository\xalan\serializer\2.7.2\serializer-2.7.2.jar;C:\Users\REYAZ\.m2\repository\xalan\xalan\2.7.2\xalan-2.7.2.jar;C:\Users\REYAZ\.m2\repository\xerces\xercesImpl\2.11.0\xercesImpl-2.11.0.jar;C:\Users\REYAZ\.m2\repository\xml-apis\xml-apis\1.4.01\xml-apis-1.4.01.jar;C:\Users\REYAZ\.m2\repository\org\yaml\snakeyaml\1.19\snakeyaml-1.19.jar;C:\Users\REYAZ\.m2\repository\org\testng\testng\6.14.2\testng-6.14.2.jar;C:\Users\REYAZ\.m2\repository\org\apache-extras\beanshell\bsh\2.0b6\bsh-2.0b6.jar;C:\Users\REYAZ\.m2\repository\org\apache\poi\poi\4.1.2\poi-4.1.2.jar;C:\Users\REYAZ\.m2\repository\org\apache\commons\commons-collections4\4.4\commons-collections4-4.4.jar;C:\Users\REYAZ\.m2\repository\org\apache\commons\commons-math3\3.6.1\commons-math3-3.6.1.jar;C:\Users\REYAZ\.m2\repository\com\zaxxer\SparseBitSet\1.2\SparseBitSet-1.2.jar;C:\Users\REYAZ\.m2\repository\org\apache\poi\poi-examples\4.1.2\poi-examples-4.1.2.jar;C:\Users\REYAZ\.m2\repository\org\apache\poi\poi-scratchpad\4.1.2\poi-scratchpad-4.1.2.jar;C:\Users\REYAZ\.m2\repository\org\apache\poi\poi-ooxml\4.1.2\poi-ooxml-4.1.2.jar;C:\Users\REYAZ\.m2\repository\org\apache\commons\commons-compress\1.19\commons-compress-1.19.jar;C:\Users\REYAZ\.m2\repository\com\github\virtuald\curvesapi\1.06\curvesapi-1.06.jar;C:\Users\REYAZ\.m2\repository\org\apache\poi\poi-excelant\4.1.2\poi-excelant-4.1.2.jar;C:\Users\REYAZ\.m2\repository\org\apache\ant\ant\1.8.2\ant-1.8.2.jar;C:\Users\REYAZ\.m2\repository\org\apache\ant\ant-launcher\1.8.2\ant-launcher-1.8.2.jar;C:\Users\REYAZ\.m2\repository\org\apache\poi\poi-ooxml-schemas\4.1.2\poi-ooxml-schemas-4.1.2.jar;C:\Users\REYAZ\.m2\repository\org\apache\xmlbeans\xmlbeans\3.1.0\xmlbeans-3.1.0.jar;"/>
    <property name="sun.cpu.endian" value="little"/>
    <property name="user.home" value="C:\Users\REYAZ"/>
    <property name="user.language" value="en"/>
    <property name="java.specification.vendor" value="Oracle Corporation"/>
    <property name="java.home" value="C:\Program Files\Java\jdk1.8.0_241\jre"/>
    <property name="basedir" value="E:\COURSES\7AM - 8AM Batch\DataDrivenFramework"/>
    <property name="file.separator" value="\"/>
    <property name="line.separator" value="&#10;"/>
    <property name="java.vm.specification.vendor" value="Oracle Corporation"/>
    <property name="java.specification.name" value="Java Platform API Specification"/>
    <property name="java.awt.graphicsenv" value="sun.awt.Win32GraphicsEnvironment"/>
    <property name="surefire.real.class.path" value="C:\Users\REYAZ\AppData\Local\Temp\surefire4398787358347827358\surefirebooter7909953951422398691.jar"/>
    <property name="sun.boot.class.path" value="C:\Program Files\Java\jdk1.8.0_241\jre\lib\resources.jar;C:\Program Files\Java\jdk1.8.0_241\jre\lib\rt.jar;C:\Program Files\Java\jdk1.8.0_241\jre\lib\sunrsasign.jar;C:\Program Files\Java\jdk1.8.0_241\jre\lib\jsse.jar;C:\Program Files\Java\jdk1.8.0_241\jre\lib\jce.jar;C:\Program Files\Java\jdk1.8.0_241\jre\lib\charsets.jar;C:\Program Files\Java\jdk1.8.0_241\jre\lib\jfr.jar;C:\Program Files\Java\jdk1.8.0_241\jre\classes"/>
    <property name="user.script" value=""/>
    <property name="sun.management.compiler" value="HotSpot 64-Bit Tiered Compilers"/>
    <property name="java.runtime.version" value="1.8.0_241-b07"/>
    <property name="user.name" value="REYAZ"/>
    <property name="path.separator" value=";"/>
    <property name="os.version" value="6.3"/>
    <property name="java.endorsed.dirs" value="C:\Program Files\Java\jdk1.8.0_241\jre\lib\endorsed"/>
    <property name="java.runtime.name" value="Java(TM) SE Runtime Environment"/>
    <property name="file.encoding" value="Cp1252"/>
    <property name="java.vm.name" value="Java HotSpot(TM) 64-Bit Server VM"/>
    <property name="localRepository" value="C:\Users\REYAZ\.m2\repository"/>
    <property name="java.vendor.url.bug" value="http://bugreport.sun.com/bugreport/"/>
    <property name="java.io.tmpdir" value="C:\Users\REYAZ\AppData\Local\Temp\"/>
    <property name="java.version" value="1.8.0_241"/>
    <property name="user.dir" value="E:\COURSES\7AM - 8AM Batch\DataDrivenFramework"/>
    <property name="os.arch" value="amd64"/>
    <property name="java.vm.specification.name" value="Java Virtual Machine Specification"/>
    <property name="java.awt.printerjob" value="sun.awt.windows.WPrinterJob"/>
    <property name="sun.os.patch.level" value=""/>
    <property name="java.library.path" value="C:\Program Files\Java\jdk1.8.0_241\jre\bin;C:\Windows\Sun\Java\bin;C:\Windows\system32;C:\Windows;E:\jars\apache-maven-3.6.3/bin;C:\Program Files\Java\jdk1.8.0_241/bin;C:\Program Files\Java\jdk1.8.0_241/bin;C:\Program Files (x86)\Common Files\Oracle\Java\javapath;C:\Program Files\Java\jdk1.8.0_191\bin;C:\Windows;C:\Program Files\Git\cmd;C:\Program Files\Java\jdk1.8.0_191\bin;F:\AndroidSDK\platform-tools;E:\jars\apache-maven-3.6.3\bin;C:\Users\REYAZ\AppData\Roaming\npm;."/>
    <property name="java.vm.info" value="mixed mode"/>
    <property name="java.vendor" value="Oracle Corporation"/>
    <property name="java.vm.version" value="25.241-b07"/>
    <property name="java.ext.dirs" value="C:\Program Files\Java\jdk1.8.0_241\jre\lib\ext;C:\Windows\Sun\Java\lib\ext"/>
    <property name="sun.io.unicode.encoding" value="UnicodeLittle"/>
    <property name="java.class.version" value="52.0"/>
  </properties>
  <testcase name="validateLoginTest" classname="regression.ValidateLogin" time="23.41"/>
  <testcase name="validateLoginTest" classname="regression.ValidateLogin" time="25.513">
    <failure message="no such element: Unable to locate element: {&quot;method&quot;:&quot;xpath&quot;,&quot;selector&quot;:&quot;//tbody/tr/td/h3&quot;}&#10;  (Session info: chrome=81.0.4044.122)&#10;For documentation on this error, please visit: http://seleniumhq.org/exceptions/no_such_element.html&#10;Build info: version: &apos;3.14.0&apos;, revision: &apos;aacccce0&apos;, time: &apos;2018-08-02T20:19:58.91Z&apos;&#10;System info: host: &apos;ADMIN&apos;, ip: &apos;192.168.48.1&apos;, os.name: &apos;Windows 8.1&apos;, os.arch: &apos;amd64&apos;, os.version: &apos;6.3&apos;, java.version: &apos;1.8.0_241&apos;&#10;Driver info: org.openqa.selenium.chrome.ChromeDriver&#10;Capabilities {acceptInsecureCerts: false, browserName: chrome, browserVersion: 81.0.4044.122, chrome: {chromedriverVersion: 80.0.3987.106 (f68069574609..., userDataDir: C:\Users\REYAZ\AppData\Loca...}, goog:chromeOptions: {debuggerAddress: localhost:56344}, javascriptEnabled: true, networkConnectionEnabled: false, pageLoadStrategy: normal, platform: WINDOWS, platformName: WINDOWS, proxy: Proxy(), setWindowRect: true, strictFileInteractability: false, timeouts: {implicit: 0, pageLoad: 300000, script: 30000}, unhandledPromptBehavior: dismiss and notify}&#10;Session ID: bf8e1ccb24fb45f55d4935ff833a7f12&#10;*** Element info: {Using=xpath, value=//tbody/tr/td/h3}" type="org.openqa.selenium.NoSuchElementException"><![CDATA[org.openqa.selenium.NoSuchElementException: 
no such element: Unable to locate element: {"method":"xpath","selector":"//tbody/tr/td/h3"}
  (Session info: chrome=81.0.4044.122)
For documentation on this error, please visit: http://seleniumhq.org/exceptions/no_such_element.html
Build info: version: '3.14.0', revision: 'aacccce0', time: '2018-08-02T20:19:58.91Z'
System info: host: 'ADMIN', ip: '192.168.48.1', os.name: 'Windows 8.1', os.arch: 'amd64', os.version: '6.3', java.version: '1.8.0_241'
Driver info: org.openqa.selenium.chrome.ChromeDriver
Capabilities {acceptInsecureCerts: false, browserName: chrome, browserVersion: 81.0.4044.122, chrome: {chromedriverVersion: 80.0.3987.106 (f68069574609..., userDataDir: C:\Users\REYAZ\AppData\Loca...}, goog:chromeOptions: {debuggerAddress: localhost:56344}, javascriptEnabled: true, networkConnectionEnabled: false, pageLoadStrategy: normal, platform: WINDOWS, platformName: WINDOWS, proxy: Proxy(), setWindowRect: true, strictFileInteractability: false, timeouts: {implicit: 0, pageLoad: 300000, script: 30000}, unhandledPromptBehavior: dismiss and notify}
Session ID: bf8e1ccb24fb45f55d4935ff833a7f12
*** Element info: {Using=xpath, value=//tbody/tr/td/h3}
	at regression.ValidateLogin.validateLoginTest(ValidateLogin.java:36)
]]></failure>
    <system-err><![CDATA[Starting ChromeDriver 80.0.3987.106 (f68069574609230cf9b635cd784cfb1bf81bb53a-refs/branch-heads/3987@{#882}) on port 4661
Only local connections are allowed.
Please protect ports used by ChromeDriver and related test frameworks to prevent access by malicious code.
[1587628716.089][WARNING]: This version of ChromeDriver has not been tested with Chrome version 81.
Apr 23, 2020 1:28:37 PM org.openqa.selenium.remote.ProtocolHandshake createSession
INFO: Detected dialect: W3C
[1587628720.824][SEVERE]: Timed out receiving message from renderer: 0.100
[1587628720.929][SEVERE]: Timed out receiving message from renderer: 0.100
[1587628721.042][SEVERE]: Timed out receiving message from renderer: 0.100
[1587628721.151][SEVERE]: Timed out receiving message from renderer: 0.100
[1587628721.252][SEVERE]: Timed out receiving message from renderer: 0.100
[1587628721.356][SEVERE]: Timed out receiving message from renderer: 0.100
[1587628721.506][SEVERE]: Timed out receiving message from renderer: 0.100
[1587628721.618][SEVERE]: Timed out receiving message from renderer: 0.100
[1587628721.722][SEVERE]: Timed out receiving message from renderer: 0.100
[1587628721.841][SEVERE]: Timed out receiving message from renderer: 0.100
[1587628721.945][SEVERE]: Timed out receiving message from renderer: 0.100
[1587628722.054][SEVERE]: Timed out receiving message from renderer: 0.100
[1587628722.156][SEVERE]: Timed out receiving message from renderer: 0.100
[1587628722.258][SEVERE]: Timed out receiving message from renderer: 0.100
[1587628722.365][SEVERE]: Timed out receiving message from renderer: 0.100
[1587628722.516][SEVERE]: Timed out receiving message from renderer: 0.100
[1587628724.270][SEVERE]: Timed out receiving message from renderer: 0.100
[1587628724.425][SEVERE]: Timed out receiving message from renderer: 0.100
[1587628725.002][SEVERE]: Timed out receiving message from renderer: 0.100
[1587628725.113][SEVERE]: Timed out receiving message from renderer: 0.100
[1587628725.246][SEVERE]: Timed out receiving message from renderer: 0.100
[1587628725.352][SEVERE]: Timed out receiving message from renderer: 0.100
[1587628725.474][SEVERE]: Timed out receiving message from renderer: 0.100
[1587628725.646][SEVERE]: Timed out receiving message from renderer: 0.100
[1587628725.747][SEVERE]: Timed out receiving message from renderer: 0.100
[1587628727.883][SEVERE]: Timed out receiving message from renderer: 0.100
[1587628727.986][SEVERE]: Timed out receiving message from renderer: 0.100
[1587628728.144][SEVERE]: Timed out receiving message from renderer: 0.100
[1587628728.247][SEVERE]: Timed out receiving message from renderer: 0.100
[1587628728.358][SEVERE]: Timed out receiving message from renderer: 0.100
[1587628728.477][SEVERE]: Timed out receiving message from renderer: 0.100
[1587628728.580][SEVERE]: Timed out receiving message from renderer: 0.100
[1587628728.687][SEVERE]: Timed out receiving message from renderer: 0.100
]]></system-err>
  </testcase>
  <testcase name="validateLoginTest" classname="regression.ValidateLogin" time="40.535">
    <failure message="no such element: Unable to locate element: {&quot;method&quot;:&quot;xpath&quot;,&quot;selector&quot;:&quot;//tbody/tr/td/h3&quot;}&#10;  (Session info: chrome=81.0.4044.122)&#10;For documentation on this error, please visit: http://seleniumhq.org/exceptions/no_such_element.html&#10;Build info: version: &apos;3.14.0&apos;, revision: &apos;aacccce0&apos;, time: &apos;2018-08-02T20:19:58.91Z&apos;&#10;System info: host: &apos;ADMIN&apos;, ip: &apos;192.168.48.1&apos;, os.name: &apos;Windows 8.1&apos;, os.arch: &apos;amd64&apos;, os.version: &apos;6.3&apos;, java.version: &apos;1.8.0_241&apos;&#10;Driver info: org.openqa.selenium.chrome.ChromeDriver&#10;Capabilities {acceptInsecureCerts: false, browserName: chrome, browserVersion: 81.0.4044.122, chrome: {chromedriverVersion: 80.0.3987.106 (f68069574609..., userDataDir: C:\Users\REYAZ\AppData\Loca...}, goog:chromeOptions: {debuggerAddress: localhost:56542}, javascriptEnabled: true, networkConnectionEnabled: false, pageLoadStrategy: normal, platform: WINDOWS, platformName: WINDOWS, proxy: Proxy(), setWindowRect: true, strictFileInteractability: false, timeouts: {implicit: 0, pageLoad: 300000, script: 30000}, unhandledPromptBehavior: dismiss and notify}&#10;Session ID: 02257c907e933d11dbefd525962180ce&#10;*** Element info: {Using=xpath, value=//tbody/tr/td/h3}" type="org.openqa.selenium.NoSuchElementException"><![CDATA[org.openqa.selenium.NoSuchElementException: 
no such element: Unable to locate element: {"method":"xpath","selector":"//tbody/tr/td/h3"}
  (Session info: chrome=81.0.4044.122)
For documentation on this error, please visit: http://seleniumhq.org/exceptions/no_such_element.html
Build info: version: '3.14.0', revision: 'aacccce0', time: '2018-08-02T20:19:58.91Z'
System info: host: 'ADMIN', ip: '192.168.48.1', os.name: 'Windows 8.1', os.arch: 'amd64', os.version: '6.3', java.version: '1.8.0_241'
Driver info: org.openqa.selenium.chrome.ChromeDriver
Capabilities {acceptInsecureCerts: false, browserName: chrome, browserVersion: 81.0.4044.122, chrome: {chromedriverVersion: 80.0.3987.106 (f68069574609..., userDataDir: C:\Users\REYAZ\AppData\Loca...}, goog:chromeOptions: {debuggerAddress: localhost:56542}, javascriptEnabled: true, networkConnectionEnabled: false, pageLoadStrategy: normal, platform: WINDOWS, platformName: WINDOWS, proxy: Proxy(), setWindowRect: true, strictFileInteractability: false, timeouts: {implicit: 0, pageLoad: 300000, script: 30000}, unhandledPromptBehavior: dismiss and notify}
Session ID: 02257c907e933d11dbefd525962180ce
*** Element info: {Using=xpath, value=//tbody/tr/td/h3}
	at regression.ValidateLogin.validateLoginTest(ValidateLogin.java:36)
]]></failure>
    <system-err><![CDATA[Starting ChromeDriver 80.0.3987.106 (f68069574609230cf9b635cd784cfb1bf81bb53a-refs/branch-heads/3987@{#882}) on port 19269
Only local connections are allowed.
Please protect ports used by ChromeDriver and related test frameworks to prevent access by malicious code.
[1587628740.994][WARNING]: This version of ChromeDriver has not been tested with Chrome version 81.
Apr 23, 2020 1:29:11 PM org.openqa.selenium.remote.ProtocolHandshake createSession
INFO: Detected dialect: W3C
[1587628757.652][SEVERE]: Timed out receiving message from renderer: 0.100
[1587628757.754][SEVERE]: Timed out receiving message from renderer: 0.100
[1587628757.860][SEVERE]: Timed out receiving message from renderer: 0.100
[1587628757.965][SEVERE]: Timed out receiving message from renderer: 0.100
[1587628758.067][SEVERE]: Timed out receiving message from renderer: 0.100
[1587628758.169][SEVERE]: Timed out receiving message from renderer: 0.100
[1587628758.270][SEVERE]: Timed out receiving message from renderer: 0.100
[1587628758.372][SEVERE]: Timed out receiving message from renderer: 0.100
[1587628758.478][SEVERE]: Timed out receiving message from renderer: 0.100
[1587628758.585][SEVERE]: Timed out receiving message from renderer: 0.100
[1587628758.688][SEVERE]: Timed out receiving message from renderer: 0.100
[1587628758.805][SEVERE]: Timed out receiving message from renderer: 0.100
[1587628758.910][SEVERE]: Timed out receiving message from renderer: 0.100
[1587628759.053][SEVERE]: Timed out receiving message from renderer: 0.100
[1587628759.161][SEVERE]: Timed out receiving message from renderer: 0.100
[1587628759.265][SEVERE]: Timed out receiving message from renderer: 0.100
[1587628759.367][SEVERE]: Timed out receiving message from renderer: 0.100
[1587628759.470][SEVERE]: Timed out receiving message from renderer: 0.100
[1587628759.575][SEVERE]: Timed out receiving message from renderer: 0.100
[1587628759.684][SEVERE]: Timed out receiving message from renderer: 0.100
[1587628759.786][SEVERE]: Timed out receiving message from renderer: 0.100
[1587628759.889][SEVERE]: Timed out receiving message from renderer: 0.100
[1587628759.995][SEVERE]: Timed out receiving message from renderer: 0.100
[1587628760.098][SEVERE]: Timed out receiving message from renderer: 0.100
[1587628760.203][SEVERE]: Timed out receiving message from renderer: 0.100
[1587628762.197][SEVERE]: Timed out receiving message from renderer: 0.100
[1587628762.299][SEVERE]: Timed out receiving message from renderer: 0.100
[1587628762.403][SEVERE]: Timed out receiving message from renderer: 0.100
[1587628762.505][SEVERE]: Timed out receiving message from renderer: 0.100
[1587628762.695][SEVERE]: Timed out receiving message from renderer: 0.100
[1587628762.797][SEVERE]: Timed out receiving message from renderer: 0.100
[1587628762.900][SEVERE]: Timed out receiving message from renderer: 0.100
[1587628763.005][SEVERE]: Timed out receiving message from renderer: 0.100
[1587628763.110][SEVERE]: Timed out receiving message from renderer: 0.100
[1587628763.213][SEVERE]: Timed out receiving message from renderer: 0.100
[1587628763.446][SEVERE]: Timed out receiving message from renderer: 0.100
[1587628763.567][SEVERE]: Timed out receiving message from renderer: 0.100
[1587628763.675][SEVERE]: Timed out receiving message from renderer: 0.100
[1587628764.012][SEVERE]: Timed out receiving message from renderer: 0.100
[1587628764.114][SEVERE]: Timed out receiving message from renderer: 0.100
[1587628764.215][SEVERE]: Timed out receiving message from renderer: 0.100
[1587628764.320][SEVERE]: Timed out receiving message from renderer: 0.100
[1587628764.426][SEVERE]: Timed out receiving message from renderer: 0.100
[1587628764.530][SEVERE]: Timed out receiving message from renderer: 0.100
[1587628768.277][SEVERE]: Timed out receiving message from renderer: 0.100
[1587628768.382][SEVERE]: Timed out receiving message from renderer: 0.100
[1587628768.484][SEVERE]: Timed out receiving message from renderer: 0.100
[1587628768.586][SEVERE]: Timed out receiving message from renderer: 0.100
[1587628768.688][SEVERE]: Timed out receiving message from renderer: 0.100
[1587628768.793][SEVERE]: Timed out receiving message from renderer: 0.100
[1587628768.897][SEVERE]: Timed out receiving message from renderer: 0.100
[1587628769.000][SEVERE]: Timed out receiving message from renderer: 0.100
[1587628769.102][SEVERE]: Timed out receiving message from renderer: 0.100
]]></system-err>
  </testcase>
</testsuite>