<?xml version="1.0" encoding="UTF-8"?>
<!-- Generated by org.testng.reporters.JUnitReportReporter -->
<testsuite skipped="0" hostname="ADMIN" name="smoke.ChromeLanch" tests="1" failures="0" timestamp="14 Apr 2020 07:31:10 GMT" time="11.311" errors="0">
  <testcase name="setUP" time="11.311" classname="smoke.ChromeLanch"/>
</testsuite> <!-- smoke.ChromeLanch -->
