<?xml version="1.0" encoding="UTF-8"?>
<!-- Generated by org.testng.reporters.JUnitReportReporter -->
<testsuite skipped="0" hostname="ADMIN" name="regression.DBTesting1" tests="1" failures="0" timestamp="22 Apr 2020 07:01:06 GMT" time="0.751" errors="0">
  <testcase name="dBTest" time="0.751" classname="regression.DBTesting1"/>
</testsuite> <!-- regression.DBTesting1 -->
