<?xml version="1.0" encoding="UTF-8"?>
<!-- Generated by org.testng.reporters.JUnitReportReporter -->
<testsuite skipped="0" hostname="ADMIN" name="regression.DBTesting2" tests="2" failures="0" timestamp="24 Apr 2020 06:57:11 GMT" time="43.557" errors="0">
  <testcase name="validateRegistrationTest" time="21.502" classname="regression.DBTesting2"/>
  <testcase name="validateRegistrationTest" time="22.055" classname="regression.DBTesting2"/>
</testsuite> <!-- regression.DBTesting2 -->
