<?xml version="1.0" encoding="UTF-8"?>
<!-- Generated by org.testng.reporters.JUnitReportReporter -->
<testsuite skipped="0" hostname="ADMIN" name="regression.GmailLoginGrid" tests="1" failures="0" timestamp="21 Apr 2020 07:36:08 GMT" time="19.819" errors="0">
  <testcase name="gmailLoginGridTest" time="19.819" classname="regression.GmailLoginGrid"/>
</testsuite> <!-- regression.GmailLoginGrid -->
