<?xml version="1.0" encoding="UTF-8"?>
<!-- Generated by org.testng.reporters.JUnitReportReporter -->
<testsuite skipped="0" hostname="ADMIN" name="regression.ValidateRegistration" tests="1" failures="0" timestamp="16 Apr 2020 07:16:10 GMT" time="44.980" errors="0">
  <testcase name="validateRegistrationTest" time="44.980" classname="regression.ValidateRegistration"/>
</testsuite> <!-- regression.ValidateRegistration -->
