<?xml version="1.0" encoding="UTF-8"?>
<!-- Generated by org.testng.reporters.JUnitReportReporter -->
<testsuite skipped="0" hostname="ADMIN" name="regression.LoginUsingKeywords" tests="1" failures="0" timestamp="17 Apr 2020 07:21:49 GMT" time="18.620" errors="0">
  <testcase name="gmailUsingPropertiesTest" time="18.620" classname="regression.LoginUsingKeywords"/>
</testsuite> <!-- regression.LoginUsingKeywords -->
