<?xml version="1.0" encoding="UTF-8"?>
<!-- Generated by org.testng.reporters.JUnitReportReporter -->
<testsuite skipped="0" hostname="ADMIN" name="regression.ValidateRegistration2" tests="1" failures="0" timestamp="15 Apr 2020 12:37:37 GMT" time="26.914" errors="0">
  <testcase name="validateRegistrationTest" time="26.914" classname="regression.ValidateRegistration2"/>
</testsuite> <!-- regression.ValidateRegistration2 -->
