<?xml version="1.0" encoding="UTF-8"?>
<!-- Generated by org.testng.reporters.JUnitReportReporter -->
<testsuite skipped="0" hostname="ADMIN" name="regression.GmailUsingProperties" tests="1" failures="0" timestamp="17 Apr 2020 06:48:22 GMT" time="13.098" errors="0">
  <testcase name="gmailUsingPropertiesTest" time="13.098" classname="regression.GmailUsingProperties"/>
</testsuite> <!-- regression.GmailUsingProperties -->
